<?xml version="1.0" encoding="UTF-8"?>
<testng-results ignored="0" total="1" passed="1" failed="0" skipped="0">
  <reporter-output>
  </reporter-output>
  <suite started-at="2023-02-08T03:55:21Z" name="Testing_Suite" finished-at="2023-02-08T03:55:45Z" duration-ms="23500">
    <groups>
      <group name="cucumber">
        <method signature="AbstractTestNGCucumberTests.runScenario(io.cucumber.testng.PickleWrapper, io.cucumber.testng.FeatureWrapper)[pri:0, instance:mindq.cucumberframeworkDec.TestRunner@636be97c]" name="runScenario" class="io.cucumber.testng.AbstractTestNGCucumberTests"/>
      </group> <!-- cucumber -->
    </groups>
    <test started-at="2023-02-08T03:55:21Z" name="CucumberTest" finished-at="2023-02-08T03:55:45Z" duration-ms="23500">
      <class name="mindq.cucumberframeworkDec.TestRunner">
        <test-method is-config="true" signature="setUpClass(org.testng.ITestContext)[pri:0, instance:mindq.cucumberframeworkDec.TestRunner@636be97c]" started-at="2023-02-08T09:25:21Z" name="setUpClass" finished-at="2023-02-08T09:25:23Z" duration-ms="1415" status="PASS">
          <params>
            <param index="0">
              <value>
                <![CDATA[org.testng.TestRunner@4665428b]]>
              </value>
            </param>
          </params>
          <reporter-output>
          </reporter-output>
        </test-method> <!-- setUpClass -->
        <test-method signature="runScenario(io.cucumber.testng.PickleWrapper, io.cucumber.testng.FeatureWrapper)[pri:0, instance:mindq.cucumberframeworkDec.TestRunner@636be97c]" started-at="2023-02-08T09:25:23Z" name="runScenario" description="Runs Cucumber Scenarios" data-provider="scenarios" finished-at="2023-02-08T09:25:42Z" duration-ms="19326" status="PASS">
          <params>
            <param index="0">
              <value>
                <![CDATA["User should be able to login successfully with valid data"]]>
              </value>
            </param>
            <param index="1">
              <value>
                <![CDATA["Optional[This feature is about login test cases]"]]>
              </value>
            </param>
          </params>
          <reporter-output>
          </reporter-output>
        </test-method> <!-- runScenario -->
        <test-method is-config="true" signature="tearDownClass()[pri:0, instance:mindq.cucumberframeworkDec.TestRunner@636be97c]" started-at="2023-02-08T09:25:42Z" name="tearDownClass" finished-at="2023-02-08T09:25:45Z" duration-ms="2712" status="PASS">
          <reporter-output>
          </reporter-output>
        </test-method> <!-- tearDownClass -->
      </class> <!-- mindq.cucumberframeworkDec.TestRunner -->
    </test> <!-- CucumberTest -->
  </suite> <!-- Testing_Suite -->
</testng-results>
